2025-09-08T04:34:45.371Z [info]: [super_bot] Загружен .env файл из /app/bots/bot1/.env
2025-09-08T04:34:45.380Z [info]: [super_bot] Запущен с PID 3506
2025-09-08T04:34:45.386Z [info]: [bot2] Запущен с PID 3507
2025-09-08T04:34:45.386Z [info]: Отправка статуса настроена на каждые 10 секунд на адрес http://localhost:3000/status.
2025-09-08T04:34:45.471Z [info]: [bot2] Bot 2 запущен
2025-09-08T04:34:45.485Z [info]: [super_bot] Bot 1 запущен
2025-09-08T04:34:45.486Z [info]: [super_bot] My special env var is: hello from bot1 env
2025-09-08T04:36:33.127Z [info]: [super_bot] Загружен .env файл из /app/bots/bot1/.env
2025-09-08T04:36:33.140Z [info]: [super_bot] Запущен с PID 4555
2025-09-08T04:36:33.145Z [info]: [bot2] Запущен с PID 4556
2025-09-08T04:36:33.146Z [info]: Отправка статуса настроена на каждые 10 секунд на адрес http://localhost:3000/status.
2025-09-08T04:36:33.246Z [info]: [super_bot] Bot 1 запущен
2025-09-08T04:36:33.247Z [info]: [super_bot] My special env var is: hello from bot1 env
2025-09-08T04:36:33.248Z [info]: [bot2] Bot 2 запущен
2025-09-08T04:38:42.660Z [info]: [super_bot] Загружен .env файл из /app/bots/bot1/.env
2025-09-08T04:38:42.667Z [info]: [super_bot] Запущен с PID 5606
2025-09-08T04:38:42.670Z [info]: [bot2] Запущен с PID 5607
2025-09-08T04:38:42.670Z [info]: Отправка статуса настроена на каждые 10 секунд на адрес http://localhost:3000/status.
2025-09-08T04:38:42.701Z [info]: [super_bot] Bot 1 запущен
2025-09-08T04:38:42.703Z [info]: [super_bot] My special env var is: hello from bot1 env
2025-09-08T04:38:42.706Z [info]: [bot2] Bot 2 запущен
2025-09-11T09:38:02.008Z [info]: [super_bot] Загружен .env файл из /app/bots/bot1/.env
2025-09-11T09:38:02.016Z [info]: [super_bot] Запущен с PID 2639
2025-09-11T09:38:02.020Z [info]: [bot2] Запущен с PID 2640
2025-09-11T09:38:02.025Z [info]: API-сервер запущен и слушает порт 8080
2025-09-11T09:38:02.053Z [info]: [super_bot] Bot 1 запущен
2025-09-11T09:38:02.062Z [info]: [bot2] Bot 2 запущен
